0 info it worked if it ends with ok
1 verbose cli [ 'E:\\Dev\\node.js\\node.exe',
1 verbose cli   'E:\\Dev\\node.js\\node_modules\\npm\\bin\\npm-cli.js',
1 verbose cli   'run',
1 verbose cli   'prod' ]
2 info using npm@3.10.10
3 info using node@v6.11.3
4 verbose run-script [ 'preprod', 'prod', 'postprod' ]
5 info lifecycle nant-it@1.0.0~preprod: nant-it@1.0.0
6 silly lifecycle nant-it@1.0.0~preprod: no script for preprod, continuing
7 info lifecycle nant-it@1.0.0~prod: nant-it@1.0.0
8 verbose lifecycle nant-it@1.0.0~prod: unsafe-perm in lifecycle true
9 verbose lifecycle nant-it@1.0.0~prod: PATH: E:\Dev\node.js\node_modules\npm\bin\node-gyp-bin;E:\nodeWorkspace\nant-it\node_modules\.bin;c:\programdata\oracle\java\javapath;c:\windows\system32;c:\windows;c:\windows\system32\wbem;c:\windows\system32\windowspowershell\v1.0\;c:\program files (x86)\skype\phone\;c:\windows\system32\config\systemprofile\.dnx\bin;c:\program files\microsoft dnx\dnvm\;c:\program files\microsoft sql server\120\dts\binn\;c:\program files\microsoft sql server\client sdk\odbc\110\tools\binn\;c:\program files (x86)\microsoft sql server\120\tools\binn\;c:\program files\microsoft sql server\120\tools\binn\;c:\program files (x86)\microsoft sql server\120\tools\binn\managementstudio\;c:\program files (x86)\microsoft sql server\120\dts\binn\;c:\program files\microsoft sql server\130\tools\binn\;e:\softwares\git\cmd;C:\Program Files (x86)\NVIDIA Corporation\PhysX\Common;C:\WINDOWS\system32;C:\WINDOWS;C:\WINDOWS\System32\Wbem;C:\WINDOWS\System32\WindowsPowerShell\v1.0\;C:\Program Files (x86)\GtkSharp\2.12\bin;E:\Dev\node.js\;E:\Dev\Python\Python\Scripts\;E:\Dev\Python\Python\;C:\Users\PC_Isaac\AppData\Local\Microsoft\WindowsApps;C:\Users\PC_Isaac\AppData\Roaming\npm
10 verbose lifecycle nant-it@1.0.0~prod: CWD: E:\nodeWorkspace\nant-it
11 silly lifecycle nant-it@1.0.0~prod: Args: [ '/d /s /c', 'npm-run-all --production --parallel launch:*' ]
12 silly lifecycle nant-it@1.0.0~prod: Returned: code: 1  signal: null
13 info lifecycle nant-it@1.0.0~prod: Failed to exec prod script
14 verbose stack Error: nant-it@1.0.0 prod: `npm-run-all --production --parallel launch:*`
14 verbose stack Exit status 1
14 verbose stack     at EventEmitter.<anonymous> (E:\Dev\node.js\node_modules\npm\lib\utils\lifecycle.js:255:16)
14 verbose stack     at emitTwo (events.js:106:13)
14 verbose stack     at EventEmitter.emit (events.js:191:7)
14 verbose stack     at ChildProcess.<anonymous> (E:\Dev\node.js\node_modules\npm\lib\utils\spawn.js:40:14)
14 verbose stack     at emitTwo (events.js:106:13)
14 verbose stack     at ChildProcess.emit (events.js:191:7)
14 verbose stack     at maybeClose (internal/child_process.js:920:16)
14 verbose stack     at Process.ChildProcess._handle.onexit (internal/child_process.js:230:5)
15 verbose pkgid nant-it@1.0.0
16 verbose cwd E:\nodeWorkspace\nant-it
17 error Windows_NT 10.0.15063
18 error argv "E:\\Dev\\node.js\\node.exe" "E:\\Dev\\node.js\\node_modules\\npm\\bin\\npm-cli.js" "run" "prod"
19 error node v6.11.3
20 error npm  v3.10.10
21 error code ELIFECYCLE
22 error nant-it@1.0.0 prod: `npm-run-all --production --parallel launch:*`
22 error Exit status 1
23 error Failed at the nant-it@1.0.0 prod script 'npm-run-all --production --parallel launch:*'.
23 error Make sure you have the latest version of node.js and npm installed.
23 error If you do, this is most likely a problem with the nant-it package,
23 error not with npm itself.
23 error Tell the author that this fails on your system:
23 error     npm-run-all --production --parallel launch:*
23 error You can get information on how to open an issue for this project with:
23 error     npm bugs nant-it
23 error Or if that isn't available, you can get their info via:
23 error     npm owner ls nant-it
23 error There is likely additional logging output above.
24 verbose exit [ 1, true ]
